E:\WORKSPACE\OSGTEXT\SEISMICVOLUME\SEISMICVOLUME\DEBUG\MAIN.OBJ
E:\WORKSPACE\OSGTEXT\SEISMICVOLUME\SEISMICVOLUME\DEBUG\VC110.PDB
E:\WORKSPACE\OSGTEXT\SEISMICVOLUME - NORENDER\SEISMICVOLUME\DEBUG\MAIN.OBJ
E:\WORKSPACE\OSGTEXT\SEISMICVOLUME - NORENDER\SEISMICVOLUME\DEBUG\VC110.PDB
E:\WORKSPACE\OSGTEXT\SEISMICVOLUME\DEBUG\SEISMICVOLUME.ILK
E:\WORKSPACE\OSGTEXT\SEISMICVOLUME\DEBUG\SEISMICVOLUME.EXE
E:\WORKSPACE\OSGTEXT\SEISMICVOLUME\DEBUG\SEISMICVOLUME.PDB
E:\WORKSPACE\OSGTEXT\SEISMICVOLUME - NORENDER\DEBUG\SEISMICVOLUME.ILK
E:\WORKSPACE\OSGTEXT\SEISMICVOLUME - NORENDER\DEBUG\SEISMICVOLUME.EXE
E:\WORKSPACE\OSGTEXT\SEISMICVOLUME - NORENDER\DEBUG\SEISMICVOLUME.PDB
E:\workSpace\OSGText\seismicVolume - norender\seismicVolume\Debug\main.obj
E:\workSpace\OSGText\seismicVolume - norender\seismicVolume\Debug\cl.command.1.tlog
E:\workSpace\OSGText\seismicVolume - norender\seismicVolume\Debug\CL.read.1.tlog
E:\workSpace\OSGText\seismicVolume - norender\seismicVolume\Debug\CL.write.1.tlog
E:\workSpace\OSGText\seismicVolume - norender\seismicVolume\Debug\link-cvtres.read.1.tlog
E:\workSpace\OSGText\seismicVolume - norender\seismicVolume\Debug\link-cvtres.write.1.tlog
E:\workSpace\OSGText\seismicVolume - norender\seismicVolume\Debug\link-rc.read.1.tlog
E:\workSpace\OSGText\seismicVolume - norender\seismicVolume\Debug\link-rc.write.1.tlog
E:\workSpace\OSGText\seismicVolume - norender\seismicVolume\Debug\link.1184-cvtres.read.1.tlog
E:\workSpace\OSGText\seismicVolume - norender\seismicVolume\Debug\link.1184-cvtres.write.1.tlog
E:\workSpace\OSGText\seismicVolume - norender\seismicVolume\Debug\link.1184-rc.read.1.tlog
E:\workSpace\OSGText\seismicVolume - norender\seismicVolume\Debug\link.1184-rc.write.1.tlog
E:\workSpace\OSGText\seismicVolume - norender\seismicVolume\Debug\link.1184.read.1.tlog
E:\workSpace\OSGText\seismicVolume - norender\seismicVolume\Debug\link.1184.write.1.tlog
E:\workSpace\OSGText\seismicVolume - norender\seismicVolume\Debug\link.1796-cvtres.read.1.tlog
E:\workSpace\OSGText\seismicVolume - norender\seismicVolume\Debug\link.1796-cvtres.write.1.tlog
E:\workSpace\OSGText\seismicVolume - norender\seismicVolume\Debug\link.1796-rc.read.1.tlog
E:\workSpace\OSGText\seismicVolume - norender\seismicVolume\Debug\link.1796-rc.write.1.tlog
E:\workSpace\OSGText\seismicVolume - norender\seismicVolume\Debug\link.1796.read.1.tlog
E:\workSpace\OSGText\seismicVolume - norender\seismicVolume\Debug\link.1796.write.1.tlog
E:\workSpace\OSGText\seismicVolume - norender\seismicVolume\Debug\link.3560-cvtres.read.1.tlog
E:\workSpace\OSGText\seismicVolume - norender\seismicVolume\Debug\link.3560-cvtres.write.1.tlog
E:\workSpace\OSGText\seismicVolume - norender\seismicVolume\Debug\link.3560-rc.read.1.tlog
E:\workSpace\OSGText\seismicVolume - norender\seismicVolume\Debug\link.3560-rc.write.1.tlog
E:\workSpace\OSGText\seismicVolume - norender\seismicVolume\Debug\link.3560.read.1.tlog
E:\workSpace\OSGText\seismicVolume - norender\seismicVolume\Debug\link.3560.write.1.tlog
E:\workSpace\OSGText\seismicVolume - norender\seismicVolume\Debug\link.5216-cvtres.read.1.tlog
E:\workSpace\OSGText\seismicVolume - norender\seismicVolume\Debug\link.5216-cvtres.write.1.tlog
E:\workSpace\OSGText\seismicVolume - norender\seismicVolume\Debug\link.5216-rc.read.1.tlog
E:\workSpace\OSGText\seismicVolume - norender\seismicVolume\Debug\link.5216-rc.write.1.tlog
E:\workSpace\OSGText\seismicVolume - norender\seismicVolume\Debug\link.5216.read.1.tlog
E:\workSpace\OSGText\seismicVolume - norender\seismicVolume\Debug\link.5216.write.1.tlog
E:\workSpace\OSGText\seismicVolume - norender\seismicVolume\Debug\link.5536-cvtres.read.1.tlog
E:\workSpace\OSGText\seismicVolume - norender\seismicVolume\Debug\link.5536-cvtres.write.1.tlog
E:\workSpace\OSGText\seismicVolume - norender\seismicVolume\Debug\link.5536-rc.read.1.tlog
E:\workSpace\OSGText\seismicVolume - norender\seismicVolume\Debug\link.5536-rc.write.1.tlog
E:\workSpace\OSGText\seismicVolume - norender\seismicVolume\Debug\link.5536.read.1.tlog
E:\workSpace\OSGText\seismicVolume - norender\seismicVolume\Debug\link.5536.write.1.tlog
E:\workSpace\OSGText\seismicVolume - norender\seismicVolume\Debug\link.7152-cvtres.read.1.tlog
E:\workSpace\OSGText\seismicVolume - norender\seismicVolume\Debug\link.7152-cvtres.write.1.tlog
E:\workSpace\OSGText\seismicVolume - norender\seismicVolume\Debug\link.7152-rc.read.1.tlog
E:\workSpace\OSGText\seismicVolume - norender\seismicVolume\Debug\link.7152-rc.write.1.tlog
E:\workSpace\OSGText\seismicVolume - norender\seismicVolume\Debug\link.7152.read.1.tlog
E:\workSpace\OSGText\seismicVolume - norender\seismicVolume\Debug\link.7152.write.1.tlog
E:\workSpace\OSGText\seismicVolume - norender\seismicVolume\Debug\link.7240-cvtres.read.1.tlog
E:\workSpace\OSGText\seismicVolume - norender\seismicVolume\Debug\link.7240-cvtres.write.1.tlog
E:\workSpace\OSGText\seismicVolume - norender\seismicVolume\Debug\link.7240-rc.read.1.tlog
E:\workSpace\OSGText\seismicVolume - norender\seismicVolume\Debug\link.7240-rc.write.1.tlog
E:\workSpace\OSGText\seismicVolume - norender\seismicVolume\Debug\link.7240.read.1.tlog
E:\workSpace\OSGText\seismicVolume - norender\seismicVolume\Debug\link.7240.write.1.tlog
E:\workSpace\OSGText\seismicVolume - norender\seismicVolume\Debug\link.7736-cvtres.read.1.tlog
E:\workSpace\OSGText\seismicVolume - norender\seismicVolume\Debug\link.7736-cvtres.write.1.tlog
E:\workSpace\OSGText\seismicVolume - norender\seismicVolume\Debug\link.7736-rc.read.1.tlog
E:\workSpace\OSGText\seismicVolume - norender\seismicVolume\Debug\link.7736-rc.write.1.tlog
E:\workSpace\OSGText\seismicVolume - norender\seismicVolume\Debug\link.7736.read.1.tlog
E:\workSpace\OSGText\seismicVolume - norender\seismicVolume\Debug\link.7736.write.1.tlog
E:\workSpace\OSGText\seismicVolume - norender\seismicVolume\Debug\link.command.1.tlog
E:\workSpace\OSGText\seismicVolume - norender\seismicVolume\Debug\link.read.1.tlog
E:\workSpace\OSGText\seismicVolume - norender\seismicVolume\Debug\link.write.1.tlog
E:\workSpace\OSGText\seismicVolume - norender\seismicVolume\Debug\vc110.idb
E:\workSpace\OSGText\seismicVolume - norender\seismicVolume\Debug\vc110.pdb
E:\workSpace\OSGText\seismicVolume - norender\Debug\seismicVolume.pdb
E:\workSpace\OSGText\seismicVolume - norender\Debug\seismicVolume.exe
E:\workSpace\OSGText\seismicVolume - norender\Debug\seismicVolume.ilk
